<?xml version="1.0" encoding="UTF-8"?>
<!-- Generated by org.testng.reporters.JUnitReportReporter -->
<testsuite skipped="0" hostname="DESKTOP-8R3E7EB" name="mydemo.RESTApiTest" tests="2" failures="0" timestamp="2020-05-15T10:30:24 IST" time="0.004" errors="0">
  <testcase name="reportJira" time="0.000" classname="mydemo.RESTApiTest"/>
  <system-out/>
  <testcase name="deleteTwitter" time="0.004" classname="mydemo.RESTApiTest"/>
  <system-out/>
</testsuite> <!-- mydemo.RESTApiTest -->
