<?xml version="1.0" encoding="UTF-8"?>
<!-- Generated by org.testng.reporters.JUnitReportReporter -->
<testsuite skipped="0" hostname="DESKTOP-8R3E7EB" name="mydemo.SeleniumTest" tests="2" failures="0" timestamp="2020-05-15T10:30:24 IST" time="0.008" errors="0">
  <testcase name="uiAutomation" time="0.000" classname="mydemo.SeleniumTest"/>
  <system-out/>
  <testcase name="browserAutomation" time="0.008" classname="mydemo.SeleniumTest"/>
  <system-out/>
</testsuite> <!-- mydemo.SeleniumTest -->
